<?xml version="1.0" encoding="UTF-8"?>
<!-- Generated by org.testng.reporters.JUnitReportReporter -->
<testsuite hostname="DESKTOP-AHRFD9P" failures="0" tests="3" name="com.todo_project.qa.TestCases.TestCases" time="4.197" errors="0" timestamp="2020-12-19T17:37:50 IST" skipped="0">
  <testcase classname="com.todo_project.qa.TestCases.TestCases" name="verify_NewTask" time="0.004"/>
  <system-out/>
  <testcase classname="com.todo_project.qa.TestCases.TestCases" name="verify_Titlename" time="4.186"/>
  <system-out/>
  <testcase classname="com.todo_project.qa.TestCases.TestCases" name="verify_CompleteTask" time="0.007"/>
  <system-out/>
</testsuite> <!-- com.todo_project.qa.TestCases.TestCases -->
