<?xml version="1.0" encoding="UTF-8"?>
<!-- Generated by org.testng.reporters.JUnitReportReporter -->
<testsuite hostname="DESKTOP-AHRFD9P" failures="0" tests="3" name="com.todo_project.qa.TestCases.TestCases" time="12.497" errors="0" timestamp="2020-12-20T00:38:02 IST" skipped="0">
  <testcase classname="com.todo_project.qa.TestCases.TestCases" name="Case01_Verify_Titlename" time="0.906"/>
  <system-out/>
  <testcase classname="com.todo_project.qa.TestCases.TestCases" name="CAse03_Verify_Delete_Task" time="0.001"/>
  <system-out/>
  <testcase classname="com.todo_project.qa.TestCases.TestCases" name="Case02_Verify_Add_New_Task" time="11.590"/>
  <system-out/>
</testsuite> <!-- com.todo_project.qa.TestCases.TestCases -->
